[26-May-2017 11:34:18 UTC] PHP Fatal error:  Uncaught exception 'PDOException' with message 'SQLSTATE[42S02]: Base table or view not found: 1146 Table 'learn.learn' doesn't exist' in /home/ubuntu/workspace/practicing-pdo/index.php:25
Stack trace:
#0 /home/ubuntu/workspace/practicing-pdo/index.php(25): PDO->query('SELECT * FROM l...')
#1 {main}
  thrown in /home/ubuntu/workspace/practicing-pdo/index.php on line 25
[27-May-2017 12:07:33 UTC] PHP Fatal error:  Uncaught exception 'PDOException' with message 'SQLSTATE[42000]: Syntax error or access violation: 1064 You have an error in your SQL syntax; check the manual that corresponds to your MySQL server version for the right syntax to use near 'sql' at line 1' in /home/ubuntu/workspace/practicing-pdo/more-pdo.php:22
Stack trace:
#0 /home/ubuntu/workspace/practicing-pdo/more-pdo.php(22): PDO->query('sql')
#1 {main}
  thrown in /home/ubuntu/workspace/practicing-pdo/more-pdo.php on line 22
[28-May-2017 12:11:43 UTC] PHP Fatal error:  Uncaught exception 'PDOException' with message 'SQLSTATE[HY000]: General error' in /home/ubuntu/workspace/practicing-pdo/more-pdo.php:44
Stack trace:
#0 /home/ubuntu/workspace/practicing-pdo/more-pdo.php(44): PDOStatement->fetch()
#1 {main}
  thrown in /home/ubuntu/workspace/practicing-pdo/more-pdo.php on line 44
[28-May-2017 12:12:10 UTC] PHP Fatal error:  Uncaught exception 'PDOException' with message 'SQLSTATE[HY000]: General error' in /home/ubuntu/workspace/practicing-pdo/more-pdo.php:44
Stack trace:
#0 /home/ubuntu/workspace/practicing-pdo/more-pdo.php(44): PDOStatement->fetch()
#1 {main}
  thrown in /home/ubuntu/workspace/practicing-pdo/more-pdo.php on line 44
[28-May-2017 12:12:51 UTC] PHP Fatal error:  Uncaught exception 'PDOException' with message 'SQLSTATE[HY000]: General error' in /home/ubuntu/workspace/practicing-pdo/more-pdo.php:44
Stack trace:
#0 /home/ubuntu/workspace/practicing-pdo/more-pdo.php(44): PDOStatement->fetch(5)
#1 {main}
  thrown in /home/ubuntu/workspace/practicing-pdo/more-pdo.php on line 44
[28-May-2017 12:14:35 UTC] PHP Fatal error:  Uncaught exception 'PDOException' with message 'SQLSTATE[HY000]: General error' in /home/ubuntu/workspace/practicing-pdo/more-pdo.php:43
Stack trace:
#0 /home/ubuntu/workspace/practicing-pdo/more-pdo.php(43): PDOStatement->fetch(5)
#1 {main}
  thrown in /home/ubuntu/workspace/practicing-pdo/more-pdo.php on line 43
